<?xml version="1.0" encoding="UTF-8"?>
<!-- Generated by org.testng.reporters.JUnitReportReporter -->
<testsuite skipped="0" hostname="LAPTOP-CGVS7QCC" name="com.qa.hubspot.tests.ContactsPageTest" tests="2" failures="0" timestamp="21 Nov 2018 01:34:09 GMT" time="93.326" errors="0">
  <testcase name="createContactTest" time="36.614" classname="com.qa.hubspot.tests.ContactsPageTest"/>
  <testcase name="createContactTest" time="56.712" classname="com.qa.hubspot.tests.ContactsPageTest"/>
</testsuite> <!-- com.qa.hubspot.tests.ContactsPageTest -->
